#
# There is insufficient memory for the Java Runtime Environment to continue.
# Native memory allocation (mmap) failed to map 2863661056 bytes for committing reserved memory.
# Possible reasons:
#   The system is out of physical RAM or swap space
#   In 32 bit mode, the process size limit was hit
# Possible solutions:
#   Reduce memory load on the system
#   Increase physical memory or swap space
#   Check if swap backing store is full
#   Use 64 bit Java on a 64 bit OS
#   Decrease Java heap size (-Xmx/-Xms)
#   Decrease number of Java threads
#   Decrease Java thread stack sizes (-Xss)
#   Set larger code cache with -XX:ReservedCodeCacheSize=
# This output file may be truncated or incomplete.
#
#  Out of Memory Error (os_linux.cpp:2638), pid=23158, tid=139803058665216
#
# JRE version:  (8.0_71-b15) (build )
# Java VM: OpenJDK 64-Bit Server VM (25.71-b15 mixed mode linux-amd64 compressed oops)
# Failed to write core dump. Core dumps have been disabled. To enable core dumping, try "ulimit -c unlimited" before starting Java again
#

---------------  T H R E A D  ---------------

Current thread (0x00007f2668009000):  JavaThread "Unknown thread" [_thread_in_vm, id=23192, stack(0x00007f266f967000,0x00007f266fa68000)]

Stack: [0x00007f266f967000,0x00007f266fa68000],  sp=0x00007f266fa66640,  free space=1021k
Native frames: (J=compiled Java code, j=interpreted, Vv=VM code, C=native code)
V  [libjvm.so+0xa5d28b]
V  [libjvm.so+0x4c2ccc]
V  [libjvm.so+0x8aeae0]
V  [libjvm.so+0x8a8f5e]
V  [libjvm.so+0x92267b]
V  [libjvm.so+0x9131b3]
V  [libjvm.so+0x2ae8c1]
V  [libjvm.so+0x8d3b39]
V  [libjvm.so+0xa20d69]
V  [libjvm.so+0xa210d2]
V  [libjvm.so+0x60cc0f]
V  [libjvm.so+0xa0683a]
V  [libjvm.so+0x686802]  JNI_CreateJavaVM+0x62
C  [libjli.so+0x308e]
C  [libpthread.so.0+0x7555]  start_thread+0xc5


---------------  P R O C E S S  ---------------

Java Threads: ( => current thread )

Other Threads:

=>0x00007f2668009000 (exited) JavaThread "Unknown thread" [_thread_in_vm, id=23192, stack(0x00007f266f967000,0x00007f266fa68000)]

VM state:not at safepoint (not fully initialized)

VM Mutex/Monitor currently owned by a thread: None

GC Heap History (0 events):
No events

Deoptimization events (0 events):
No events

Internal exceptions (0 events):
No events

Events (0 events):
No events


Dynamic libraries:
00400000-00401000 r-xp 00000000 fd:01 1081962                            /usr/lib/jvm/java-1.8.0-openjdk-1.8.0.71-1.b15.fc22.x86_64/jre/bin/java
00600000-00601000 r--p 00000000 fd:01 1081962                            /usr/lib/jvm/java-1.8.0-openjdk-1.8.0.71-1.b15.fc22.x86_64/jre/bin/java
00601000-00602000 rw-p 00001000 fd:01 1081962                            /usr/lib/jvm/java-1.8.0-openjdk-1.8.0.71-1.b15.fc22.x86_64/jre/bin/java
010ad000-010ce000 rw-p 00000000 00:00 0                                  [heap]
76ab00000-7c0000000 rw-p 00000000 00:00 0 
7f26587ff000-7f2658d54000 ---p 00000000 00:00 0 
7f2658d54000-7f2659000000 rw-p 00000000 00:00 0 
7f2659000000-7f2659270000 rwxp 00000000 00:00 0 
7f2659270000-7f2668000000 ---p 00000000 00:00 0 
7f2668000000-7f266802f000 rw-p 00000000 00:00 0 
7f266802f000-7f266c000000 ---p 00000000 00:00 0 
7f266c684000-7f266c68e000 rw-p 00000000 00:00 0 
7f266c68e000-7f266ca44000 ---p 00000000 00:00 0 
7f266ca44000-7f266ca4c000 r-xp 00000000 fd:01 1082005                    /usr/lib/jvm/java-1.8.0-openjdk-1.8.0.71-1.b15.fc22.x86_64/jre/lib/amd64/libzip.so
7f266ca4c000-7f266cc4b000 ---p 00008000 fd:01 1082005                    /usr/lib/jvm/java-1.8.0-openjdk-1.8.0.71-1.b15.fc22.x86_64/jre/lib/amd64/libzip.so
7f266cc4b000-7f266cc4c000 r--p 00007000 fd:01 1082005                    /usr/lib/jvm/java-1.8.0-openjdk-1.8.0.71-1.b15.fc22.x86_64/jre/lib/amd64/libzip.so
7f266cc4c000-7f266cc4d000 rw-p 00008000 fd:01 1082005                    /usr/lib/jvm/java-1.8.0-openjdk-1.8.0.71-1.b15.fc22.x86_64/jre/lib/amd64/libzip.so
7f266cc4d000-7f266cc59000 r-xp 00000000 fd:01 933211                     /usr/lib64/libnss_files-2.21.so
7f266cc59000-7f266ce58000 ---p 0000c000 fd:01 933211                     /usr/lib64/libnss_files-2.21.so
7f266ce58000-7f266ce59000 r--p 0000b000 fd:01 933211                     /usr/lib64/libnss_files-2.21.so
7f266ce59000-7f266ce5a000 rw-p 0000c000 fd:01 933211                     /usr/lib64/libnss_files-2.21.so
7f266ce5a000-7f266ce87000 r-xp 00000000 fd:01 1081988                    /usr/lib/jvm/java-1.8.0-openjdk-1.8.0.71-1.b15.fc22.x86_64/jre/lib/amd64/libjava.so
7f266ce87000-7f266d087000 ---p 0002d000 fd:01 1081988                    /usr/lib/jvm/java-1.8.0-openjdk-1.8.0.71-1.b15.fc22.x86_64/jre/lib/amd64/libjava.so
7f266d087000-7f266d088000 r--p 0002d000 fd:01 1081988                    /usr/lib/jvm/java-1.8.0-openjdk-1.8.0.71-1.b15.fc22.x86_64/jre/lib/amd64/libjava.so
7f266d088000-7f266d08a000 rw-p 0002e000 fd:01 1081988                    /usr/lib/jvm/java-1.8.0-openjdk-1.8.0.71-1.b15.fc22.x86_64/jre/lib/amd64/libjava.so
7f266d08a000-7f266d097000 r-xp 00000000 fd:01 1082004                    /usr/lib/jvm/java-1.8.0-openjdk-1.8.0.71-1.b15.fc22.x86_64/jre/lib/amd64/libverify.so
7f266d097000-7f266d296000 ---p 0000d000 fd:01 1082004                    /usr/lib/jvm/java-1.8.0-openjdk-1.8.0.71-1.b15.fc22.x86_64/jre/lib/amd64/libverify.so
7f266d296000-7f266d298000 r--p 0000c000 fd:01 1082004                    /usr/lib/jvm/java-1.8.0-openjdk-1.8.0.71-1.b15.fc22.x86_64/jre/lib/amd64/libverify.so
7f266d298000-7f266d299000 rw-p 0000e000 fd:01 1082004                    /usr/lib/jvm/java-1.8.0-openjdk-1.8.0.71-1.b15.fc22.x86_64/jre/lib/amd64/libverify.so
7f266d299000-7f266d2a0000 r-xp 00000000 fd:01 933218                     /usr/lib64/librt-2.21.so
7f266d2a0000-7f266d49f000 ---p 00007000 fd:01 933218                     /usr/lib64/librt-2.21.so
7f266d49f000-7f266d4a0000 r--p 00006000 fd:01 933218                     /usr/lib64/librt-2.21.so
7f266d4a0000-7f266d4a1000 rw-p 00007000 fd:01 933218                     /usr/lib64/librt-2.21.so
7f266d4a1000-7f266d4b7000 r-xp 00000000 fd:01 928666                     /usr/lib64/libgcc_s-5.3.1-20151207.so.1
7f266d4b7000-7f266d6b6000 ---p 00016000 fd:01 928666                     /usr/lib64/libgcc_s-5.3.1-20151207.so.1
7f266d6b6000-7f266d6b7000 r--p 00015000 fd:01 928666                     /usr/lib64/libgcc_s-5.3.1-20151207.so.1
7f266d6b7000-7f266d6b8000 rw-p 00016000 fd:01 928666                     /usr/lib64/libgcc_s-5.3.1-20151207.so.1
7f266d6b8000-7f266d7bf000 r-xp 00000000 fd:01 933204                     /usr/lib64/libm-2.21.so
7f266d7bf000-7f266d9be000 ---p 00107000 fd:01 933204                     /usr/lib64/libm-2.21.so
7f266d9be000-7f266d9bf000 r--p 00106000 fd:01 933204                     /usr/lib64/libm-2.21.so
7f266d9bf000-7f266d9c0000 rw-p 00107000 fd:01 933204                     /usr/lib64/libm-2.21.so
7f266d9c0000-7f266db33000 r-xp 00000000 fd:01 929426                     /usr/lib64/libstdc++.so.6.0.21
7f266db33000-7f266dd32000 ---p 00173000 fd:01 929426                     /usr/lib64/libstdc++.so.6.0.21
7f266dd32000-7f266dd3c000 r--p 00172000 fd:01 929426                     /usr/lib64/libstdc++.so.6.0.21
7f266dd3c000-7f266dd3e000 rw-p 0017c000 fd:01 929426                     /usr/lib64/libstdc++.so.6.0.21
7f266dd3e000-7f266dd42000 rw-p 00000000 00:00 0 
7f266dd42000-7f266e98a000 r-xp 00000000 fd:01 1082009                    /usr/lib/jvm/java-1.8.0-openjdk-1.8.0.71-1.b15.fc22.x86_64/jre/lib/amd64/server/libjvm.so
7f266e98a000-7f266eb8a000 ---p 00c48000 fd:01 1082009                    /usr/lib/jvm/java-1.8.0-openjdk-1.8.0.71-1.b15.fc22.x86_64/jre/lib/amd64/server/libjvm.so
7f266eb8a000-7f266ec1e000 r--p 00c48000 fd:01 1082009                    /usr/lib/jvm/java-1.8.0-openjdk-1.8.0.71-1.b15.fc22.x86_64/jre/lib/amd64/server/libjvm.so
7f266ec1e000-7f266ec46000 rw-p 00cdc000 fd:01 1082009                    /usr/lib/jvm/java-1.8.0-openjdk-1.8.0.71-1.b15.fc22.x86_64/jre/lib/amd64/server/libjvm.so
7f266ec46000-7f266ec75000 rw-p 00000000 00:00 0 
7f266ec75000-7f266ee2c000 r-xp 00000000 fd:01 930464                     /usr/lib64/libc-2.21.so
7f266ee2c000-7f266f02c000 ---p 001b7000 fd:01 930464                     /usr/lib64/libc-2.21.so
7f266f02c000-7f266f030000 r--p 001b7000 fd:01 930464                     /usr/lib64/libc-2.21.so
7f266f030000-7f266f032000 rw-p 001bb000 fd:01 930464                     /usr/lib64/libc-2.21.so
7f266f032000-7f266f036000 rw-p 00000000 00:00 0 
7f266f036000-7f266f039000 r-xp 00000000 fd:01 933202                     /usr/lib64/libdl-2.21.so
7f266f039000-7f266f238000 ---p 00003000 fd:01 933202                     /usr/lib64/libdl-2.21.so
7f266f238000-7f266f239000 r--p 00002000 fd:01 933202                     /usr/lib64/libdl-2.21.so
7f266f239000-7f266f23a000 rw-p 00003000 fd:01 933202                     /usr/lib64/libdl-2.21.so
7f266f23a000-7f266f247000 r-xp 00000000 fd:01 1081975                    /usr/lib/jvm/java-1.8.0-openjdk-1.8.0.71-1.b15.fc22.x86_64/jre/lib/amd64/jli/libjli.so
7f266f247000-7f266f447000 ---p 0000d000 fd:01 1081975                    /usr/lib/jvm/java-1.8.0-openjdk-1.8.0.71-1.b15.fc22.x86_64/jre/lib/amd64/jli/libjli.so
7f266f447000-7f266f448000 r--p 0000d000 fd:01 1081975                    /usr/lib/jvm/java-1.8.0-openjdk-1.8.0.71-1.b15.fc22.x86_64/jre/lib/amd64/jli/libjli.so
7f266f448000-7f266f449000 rw-p 0000e000 fd:01 1081975                    /usr/lib/jvm/java-1.8.0-openjdk-1.8.0.71-1.b15.fc22.x86_64/jre/lib/amd64/jli/libjli.so
7f266f449000-7f266f45e000 r-xp 00000000 fd:01 931885                     /usr/lib64/libz.so.1.2.8
7f266f45e000-7f266f65d000 ---p 00015000 fd:01 931885                     /usr/lib64/libz.so.1.2.8
7f266f65d000-7f266f65e000 r--p 00014000 fd:01 931885                     /usr/lib64/libz.so.1.2.8
7f266f65e000-7f266f65f000 rw-p 00015000 fd:01 931885                     /usr/lib64/libz.so.1.2.8
7f266f65f000-7f266f676000 r-xp 00000000 fd:01 931351                     /usr/lib64/libpthread-2.21.so
7f266f676000-7f266f875000 ---p 00017000 fd:01 931351                     /usr/lib64/libpthread-2.21.so
7f266f875000-7f266f877000 r--p 00016000 fd:01 931351                     /usr/lib64/libpthread-2.21.so
7f266f877000-7f266f878000 rw-p 00018000 fd:01 931351                     /usr/lib64/libpthread-2.21.so
7f266f878000-7f266f87c000 rw-p 00000000 00:00 0 
7f266f87c000-7f266f89d000 r-xp 00000000 fd:01 931832                     /usr/lib64/ld-2.21.so
7f266f967000-7f266f96a000 ---p 00000000 00:00 0 
7f266f96a000-7f266fa6d000 rw-p 00000000 00:00 0                          [stack:23192]
7f266fa8e000-7f266fa91000 rw-p 00000000 00:00 0 
7f266fa91000-7f266fa99000 rw-s 00000000 00:25 129081                     /tmp/hsperfdata_dsc/23158
7f266fa99000-7f266fa9a000 rw-p 00000000 00:00 0 
7f266fa9a000-7f266fa9b000 r--p 00000000 00:00 0 
7f266fa9b000-7f266fa9c000 rw-p 00000000 00:00 0 
7f266fa9c000-7f266fa9d000 r--p 00020000 fd:01 931832                     /usr/lib64/ld-2.21.so
7f266fa9d000-7f266fa9e000 rw-p 00021000 fd:01 931832                     /usr/lib64/ld-2.21.so
7f266fa9e000-7f266fa9f000 rw-p 00000000 00:00 0 
7ffd801cb000-7ffd801ed000 rw-p 00000000 00:00 0                          [stack]
7ffd801f3000-7ffd801f5000 r--p 00000000 00:00 0                          [vvar]
7ffd801f5000-7ffd801f7000 r-xp 00000000 00:00 0                          [vdso]
ffffffffff600000-ffffffffff601000 r-xp 00000000 00:00 0                  [vsyscall]

VM Arguments:
jvm_args: -Xms4g -Xmx4g 
java_command: org.apache.spark.deploy.SparkSubmit --master local[*] --conf spark.driver.memory=4g pyspark-shell
java_class_path (initial): /usr/local/spark/conf/:/usr/local/spark/lib/spark-assembly-1.5.2-hadoop2.6.0.jar:/usr/local/spark/lib/datanucleus-rdbms-3.2.9.jar:/usr/local/spark/lib/datanucleus-api-jdo-3.2.6.jar:/usr/local/spark/lib/datanucleus-core-3.2.10.jar
Launcher Type: SUN_STANDARD

Environment Variables:
PATH=/usr/lib64/ccache:/usr/local/bin:/usr/bin:/bin:/home/dsc/bin:/usr/local/sbin:/usr/sbin:/home/dsc/.local/bin:/usr/local/spark/bin
SHELL=/bin/zsh
DISPLAY=:0

Signal Handlers:
SIGSEGV: [libjvm.so+0xa5dde0], sa_mask[0]=11111111011111111101111111111110, sa_flags=SA_RESTART|SA_SIGINFO
SIGBUS: [libjvm.so+0xa5dde0], sa_mask[0]=11111111011111111101111111111110, sa_flags=SA_RESTART|SA_SIGINFO
SIGFPE: [libjvm.so+0x8aa100], sa_mask[0]=11111111011111111101111111111110, sa_flags=SA_RESTART|SA_SIGINFO
SIGPIPE: [libjvm.so+0x8aa100], sa_mask[0]=11111111011111111101111111111110, sa_flags=SA_RESTART|SA_SIGINFO
SIGXFSZ: [libjvm.so+0x8aa100], sa_mask[0]=11111111011111111101111111111110, sa_flags=SA_RESTART|SA_SIGINFO
SIGILL: [libjvm.so+0x8aa100], sa_mask[0]=11111111011111111101111111111110, sa_flags=SA_RESTART|SA_SIGINFO
SIGUSR1: SIG_DFL, sa_mask[0]=00000000000000000000000000000000, sa_flags=none
SIGUSR2: [libjvm.so+0x8a9fb0], sa_mask[0]=00000000000000000000000000000000, sa_flags=SA_RESTART|SA_SIGINFO
SIGHUP: SIG_DFL, sa_mask[0]=00000000000000000000000000000000, sa_flags=none
SIGINT: SIG_IGN, sa_mask[0]=00000000000000000000000000000000, sa_flags=none
SIGTERM: SIG_DFL, sa_mask[0]=00000000000000000000000000000000, sa_flags=none
SIGQUIT: SIG_DFL, sa_mask[0]=00000000000000000000000000000000, sa_flags=none


---------------  S Y S T E M  ---------------

OS:Fedora release 22 (Twenty Two)

uname:Linux 4.3.5-200.fc22.x86_64 #1 SMP Mon Feb 1 03:19:00 UTC 2016 x86_64
libc:glibc 2.21 NPTL 2.21 
rlimit: STACK 8192k, CORE 0k, NPROC 4096, NOFILE 4096, AS infinity
load average:0.49 0.27 0.25

/proc/meminfo:
MemTotal:        4047528 kB
MemFree:           38748 kB
MemAvailable:     144088 kB
Buffers:            3280 kB
Cached:           167488 kB
SwapCached:        33652 kB
Active:          3063240 kB
Inactive:         797940 kB
Active(anon):    2992368 kB
Inactive(anon):   760512 kB
Active(file):      70872 kB
Inactive(file):    37428 kB
Unevictable:          32 kB
Mlocked:              32 kB
SwapTotal:       3145724 kB
SwapFree:        2238336 kB
Dirty:               208 kB
Writeback:             0 kB
AnonPages:       3681280 kB
Mapped:            80056 kB
Shmem:             62316 kB
Slab:              68856 kB
SReclaimable:      26776 kB
SUnreclaim:        42080 kB
KernelStack:       10096 kB
PageTables:        47044 kB
NFS_Unstable:          0 kB
Bounce:                0 kB
WritebackTmp:          0 kB
CommitLimit:     5169488 kB
Committed_AS:   23528280 kB
VmallocTotal:   34359738367 kB
VmallocUsed:       11024 kB
VmallocChunk:   34359723072 kB
HardwareCorrupted:     0 kB
AnonHugePages:         0 kB
HugePages_Total:       0
HugePages_Free:        0
HugePages_Rsvd:        0
HugePages_Surp:        0
Hugepagesize:       2048 kB
DirectMap4k:      114624 kB
DirectMap2M:     4079616 kB


CPU:total 2 (2 cores per cpu, 1 threads per core) family 6 model 58 stepping 9, cmov, cx8, fxsr, mmx, sse, sse2, sse3, ssse3, sse4.1, sse4.2, popcnt, avx, aes, clmul, tsc, tscinvbit, tscinv

/proc/cpuinfo:
processor	: 0
vendor_id	: GenuineIntel
cpu family	: 6
model		: 58
model name	: Intel(R) Core(TM) i5-3320M CPU @ 2.60GHz
stepping	: 9
microcode	: 0x19
cpu MHz		: 2594.128
cache size	: 3072 KB
physical id	: 0
siblings	: 2
core id		: 0
cpu cores	: 2
apicid		: 0
initial apicid	: 0
fpu		: yes
fpu_exception	: yes
cpuid level	: 13
wp		: yes
flags		: fpu vme de pse tsc msr pae mce cx8 apic sep mtrr pge mca cmov pat pse36 clflush mmx fxsr sse sse2 ht syscall nx rdtscp lm constant_tsc rep_good nopl xtopology nonstop_tsc pni pclmulqdq ssse3 cx16 sse4_1 sse4_2 popcnt aes xsave avx rdrand hypervisor lahf_lm
bugs		:
bogomips	: 5188.25
clflush size	: 64
cache_alignment	: 64
address sizes	: 36 bits physical, 48 bits virtual
power management:

processor	: 1
vendor_id	: GenuineIntel
cpu family	: 6
model		: 58
model name	: Intel(R) Core(TM) i5-3320M CPU @ 2.60GHz
stepping	: 9
microcode	: 0x19
cpu MHz		: 2594.128
cache size	: 3072 KB
physical id	: 0
siblings	: 2
core id		: 1
cpu cores	: 2
apicid		: 1
initial apicid	: 1
fpu		: yes
fpu_exception	: yes
cpuid level	: 13
wp		: yes
flags		: fpu vme de pse tsc msr pae mce cx8 apic sep mtrr pge mca cmov pat pse36 clflush mmx fxsr sse sse2 ht syscall nx rdtscp lm constant_tsc rep_good nopl xtopology nonstop_tsc pni pclmulqdq ssse3 cx16 sse4_1 sse4_2 popcnt aes xsave avx rdrand hypervisor lahf_lm
bugs		:
bogomips	: 5188.25
clflush size	: 64
cache_alignment	: 64
address sizes	: 36 bits physical, 48 bits virtual
power management:



Memory: 4k page, physical 4047528k(38748k free), swap 3145724k(2238336k free)

vm_info: OpenJDK 64-Bit Server VM (25.71-b15) for linux-amd64 JRE (1.8.0_71-b15), built on Jan 20 2016 13:27:59 by "mockbuild" with gcc 5.3.1 20151207 (Red Hat 5.3.1-2)

time: Fri Mar  4 22:58:41 2016
elapsed time: 0 seconds (0d 0h 0m 0s)

